- Pascal-FC for IBM PC compatibles - 
- GNU Compiler Version P5.2

G L Davies  &  A Burns, University of York

Compiler listing

    1     0 program TiempoEnSegundos;
    2     0 
    3     0 var
    4     0     horas, minutos, segundos, totalSegundos: Integer;
    5     0 begin
    6     0 
    7     0 
    8     0     writeln('Ingrese las horas: ');
    9     3     readln(horas);
   10     6     writeln('Ingrese los minutos: ');
   11     9     readln(minutos);
   12    12     writeln('Ingrese los segundos: ');
   13    15     readln(segundos);
   14    18 
   15    18     totalSegundos := (horas * 3600) + (minutos * 60) + segundos;
   16    29     writeln('El tiempo total en segundos es: ', totalSegundos);
   17    34 
   18    34     readln;
   19    35 end.



Symbol table

    name       link      objekt       type         ref      nrm  lev  adr  aux

 45 _main        44     procedure   notyp           2      True    0    0    0
 46 any           0     variable    synch           0      True    1    5    0
 47 horas        46     variable    integer         0      True    1    5    0
 48 minutos      47     variable    integer         0      True    1    6    0
 49 segundos     48     variable    integer         0      True    1    7    0
 50 totalsegun   49     variable    integer         0      True    1    8    0

Generated P-code

    0     ldcon.i      0        19          ;8
    1     wrstr        0         0          ;8
    2     wrlin        0         0          ;8
    3     ldadr        1         5          ;9
    4     rdinp.i      0         0          ;9
    5     rdlin        0         0          ;9
    6     ldcon.i      0        21          ;10
    7     wrstr        0        19          ;10
    8     wrlin        0         0          ;10
    9     ldadr        1         6          ;11
   10     rdinp.i      0         0          ;11
   11     rdlin        0         0          ;11
   12     ldcon.i      0        22          ;12
   13     wrstr        0        40          ;12
   14     wrlin        0         0          ;12
   15     ldadr        1         7          ;13
   16     rdinp.i      0         0          ;13
   17     rdlin        0         0          ;13
   18     ldadr        1         8          ;13
   19     ldval.i      1         5          ;15
   20     ldcon.i      0      3600          ;15
   21     mulop.i      0         0          ;15
   22     ldval.i      1         6          ;15
   23     ldcon.i      0        60          ;15
   24     mulop.i      0         0          ;15
   25     addop.i      0         0          ;15
   26     ldval.i      1         7          ;15
   27     addop.i      0         0          ;15
   28     store.i      0         0          ;15
   29     ldcon.i      0        32          ;16
   30     wrstr        0        62          ;16
   31     ldval.i      1         8          ;16
   32     wrval.i      0         0          ;16
   33     wrlin        0         0          ;16
   34     rdlin        0         0          ;16
   35     stopx        0         0          ;18
