- Pascal-FC for IBM PC compatibles - 
- GNU Compiler Version P5.2

G L Davies  &  A Burns, University of York

Compiler listing

    1     0 program caso1;
    2     0 
    3     0 var
    4     0   nombre, respuesta: char;
    5     0 
    6     0 begin
    7     0   nombre := 'a';
    8     3 
    9     3   writeln('Introduzca su nombre: ');
   10     6   readln(respuesta);
   11     9 
   12     9   if respuesta = nombre then
   13    13     begin
   14    13       writeln('¡Nombre detectado!: ', respuesta);
   15    18     end
   16    18   else
   17    18     begin
   18    19       writeln('El nombre dado no es correcto');
   19    22     end;
   20    22 
   21    22 end.



Symbol table

    name       link      objekt       type         ref      nrm  lev  adr  aux

 45 _main        44     procedure   notyp           2      True    0    0    0
 46 any           0     variable    synch           0      True    1    5    0
 47 nombre       46     variable    char            0      True    1    5    0
 48 respuesta    47     variable    char            0      True    1    6    0

Generated P-code

    0     ldadr        1         5          ;6
    1     ldcon.c      0        97          ;7
    2     store.c      0         0          ;7
    3     ldcon.i      0        22          ;9
    4     wrstr        0         0          ;9
    5     wrlin        0         0          ;9
    6     ldadr        1         6          ;10
    7     rdinp.c      0         0          ;10
    8     rdlin        0         0          ;10
    9     ldval.c      1         6          ;12
   10     ldval.c      1         5          ;12
   11     releq.c      0         0          ;12
   12     jmpiz        0        19          ;12
   13     ldcon.i      0        20          ;14
   14     wrstr        0        22          ;14
   15     ldval.c      1         6          ;14
   16     wrval.c      0         0          ;14
   17     wrlin        0         0          ;14
   18     jmpuc        0        22          ;15
   19     ldcon.i      0        29          ;18
   20     wrstr        0        42          ;18
   21     wrlin        0         0          ;18
   22     stopx        0         0          ;19
