- Pascal-FC for IBM PC compatibles - 
- GNU Compiler Version P5.2

G L Davies  &  A Burns, University of York

Compiler listing

    1     0 program CompararNumero;
    2     0 
    3     0 
    4     0 var
    5     0 num: integer;
    6     0 
    7     0 begin
    8     0 
    9     0  writeln('Ingrese un numero: ');
   10     3  readln(num);
   11     6  
   12     6  if num > 100 then
   13    10   writeln('El numero es mayor que 100')
   14    12    else if num < 100 then
   15    18    writeln('El numero es menor que 100')
   16    20    else
   17    21     writeln('El numero es exactamente 100');
   18    25  
   19    25  readln;
   20    26 end.



Symbol table

    name       link      objekt       type         ref      nrm  lev  adr  aux

 45 _main        44     procedure   notyp           2      True    0    0    0
 46 any           0     variable    synch           0      True    1    5    0
 47 num          46     variable    integer         0      True    1    5    0

Generated P-code

    0     ldcon.i      0        19          ;9
    1     wrstr        0         0          ;9
    2     wrlin        0         0          ;9
    3     ldadr        1         5          ;10
    4     rdinp.i      0         0          ;10
    5     rdlin        0         0          ;10
    6     ldval.i      1         5          ;12
    7     ldcon.i      0       100          ;12
    8     relgt.i      0         0          ;12
    9     jmpiz        0        14          ;12
   10     ldcon.i      0        26          ;13
   11     wrstr        0        19          ;13
   12     wrlin        0         0          ;13
   13     jmpuc        0        25          ;13
   14     ldval.i      1         5          ;14
   15     ldcon.i      0       100          ;14
   16     rellt.i      0         0          ;14
   17     jmpiz        0        22          ;14
   18     ldcon.i      0        26          ;15
   19     wrstr        0        45          ;15
   20     wrlin        0         0          ;15
   21     jmpuc        0        25          ;15
   22     ldcon.i      0        28          ;17
   23     wrstr        0        71          ;17
   24     wrlin        0         0          ;17
   25     rdlin        0         0          ;17
   26     stopx        0         0          ;19
