- Pascal-FC for IBM PC compatibles - 
- GNU Compiler Version P5.2

G L Davies  &  A Burns, University of York

Compiler listing

    1     0 program DescuentoTienda;
    2     0 uses crt;
***********    ^28 --
    3     0 
    4     0 var
    5     0     totalCompra, totalPagar: Real;
    6     0 begin
    7     0     clrscr;
***********          ^ 0 
    8     0     
    9     0     writeln('Ingrese el importe total de la compra: ');
   10     3     readln(totalCompra);
   11     6 
   12     6     if totalCompra >= 150 then
   13    11         totalPagar := totalCompra * 0.90  // Aplicar 10% de descuento
***********                                            ^28     ^ 0 ^28          ^28 
   14    18     else
   15    19         totalPagar := totalCompra;
   16    23 
   17    23     writeln('Total a pagar: S/.', totalPagar:0:2);
   18    30     readln;
   19    31 end.

 Error diagnostics

E0 -  undeclared identifier
E28 -  unexpected symbol



Symbol table

    name       link      objekt       type         ref      nrm  lev  adr  aux

 45 _main        44     procedure   notyp           2      True    0    0    0
 46 any           0     variable    synch           0      True    1    5    0
 47 totalcompr   46     variable    real            0      True    1    5    0
 48 totalpagar   47     variable    real            0      True    1    6    0

Generated P-code

    0     ldcon.i      0        39          ;9
    1     wrstr        0         0          ;9
    2     wrlin        0         0          ;9
    3     ldadr        1         5          ;10
    4     rdinp.r      0         0          ;10
    5     rdlin        0         0          ;10
    6     ldval.r      1         5          ;12
    7     ldcon.i      0       150          ;12
    8     float        0         0          ;12
    9     relge.r      0         0          ;12
   10     jmpiz        0        20          ;12
   11     ldadr        1         6          ;12
   12     ldval.r      1         5          ;13
   13     ldcon.r      0         1          ;13
   14     mulop.r      0         0          ;13
   15     ldval        0         0          ;13
   16     ldcon.i      0        10          ;13
   17     ldval        0         0          ;13
   18     ldval        0         0          ;13
   19     jmpuc        0        23          ;13
   20     ldadr        1         6          ;14
   21     ldval.r      1         5          ;15
   22     store.r      0         0          ;15
   23     ldcon.i      0        18          ;17
   24     wrstr        0        39          ;17
   25     ldval.r      1         6          ;17
   26     ldcon.i      0         0          ;17
   27     ldcon.i      0         2          ;17
   28     w2frm        0         0          ;17
   29     wrlin        0         0          ;17
   30     rdlin        0         0          ;17
   31     stopx        0         0          ;18
